# JRE version: OpenJDK Runtime Environment (8.0_242-b01) (build 1.8.0_242-release-1644-b01)
# Java VM: OpenJDK 64-Bit Server VM (25.242-b01 mixed mode windows-amd64 compressed oops)
Heap:
 PSYoungGen      total 243200K, used 147952K [0x00000000e0000000, 0x00000000f4a80000, 0x0000000100000000)
  eden space 206848K, 53% used [0x00000000e0000000,0x00000000e6cfc588,0x00000000eca00000)
  from space 36352K, 99% used [0x00000000efd80000,0x00000000f20ffa78,0x00000000f2100000)
  to   space 52736K, 0% used [0x00000000eca00000,0x00000000eca00000,0x00000000efd80000)
 ParOldGen       total 137216K, used 80854K [0x00000000a0000000, 0x00000000a8600000, 0x00000000e0000000)
  object space 137216K, 58% used [0x00000000a0000000,0x00000000a4ef5b40,0x00000000a8600000)
 Metaspace       used 88562K, capacity 94732K, committed 94848K, reserved 1130496K
  class space    used 12116K, capacity 13413K, committed 13440K, reserved 1048576K
GC Heap History (10 events):
Event: 8.669 GC heap before
{Heap before GC invocations=15 (full 3):
 PSYoungGen      total 190976K, used 3394K [0x00000000e0000000, 0x00000000ed800000, 0x0000000100000000)
  eden space 172032K, 0% used [0x00000000e0000000,0x00000000e0000000,0x00000000ea800000)
  from space 18944K, 17% used [0x00000000eba80000,0x00000000ebdd08a0,0x00000000ecd00000)
  to   space 18944K, 0% used [0x00000000ea800000,0x00000000ea800000,0x00000000eba80000)
 ParOldGen       total 90624K, used 32200K [0x00000000a0000000, 0x00000000a5880000, 0x00000000e0000000)
  object space 90624K, 35% used [0x00000000a0000000,0x00000000a1f720e8,0x00000000a5880000)
 Metaspace       used 57308K, capacity 59040K, committed 59096K, reserved 1099776K
  class space    used 7851K, capacity 8265K, committed 8320K, reserved 1048576K
Event: 8.951 GC heap after
Heap after GC invocations=15 (full 3):
 PSYoungGen      total 190976K, used 0K [0x00000000e0000000, 0x00000000ed800000, 0x0000000100000000)
  eden space 172032K, 0% used [0x00000000e0000000,0x00000000e0000000,0x00000000ea800000)
  from space 18944K, 0% used [0x00000000eba80000,0x00000000eba80000,0x00000000ecd00000)
  to   space 18944K, 0% used [0x00000000ea800000,0x00000000ea800000,0x00000000eba80000)
 ParOldGen       total 137216K, used 30362K [0x00000000a0000000, 0x00000000a8600000, 0x00000000e0000000)
  object space 137216K, 22% used [0x00000000a0000000,0x00000000a1da6be0,0x00000000a8600000)
 Metaspace       used 57308K, capacity 59040K, committed 59096K, reserved 1099776K
  class space    used 7851K, capacity 8265K, committed 8320K, reserved 1048576K
}
Event: 10.550 GC heap before
{Heap before GC invocations=16 (full 3):
 PSYoungGen      total 190976K, used 172032K [0x00000000e0000000, 0x00000000ed800000, 0x0000000100000000)
  eden space 172032K, 100% used [0x00000000e0000000,0x00000000ea800000,0x00000000ea800000)
  from space 18944K, 0% used [0x00000000eba80000,0x00000000eba80000,0x00000000ecd00000)
  to   space 18944K, 0% used [0x00000000ea800000,0x00000000ea800000,0x00000000eba80000)
 ParOldGen       total 137216K, used 30362K [0x00000000a0000000, 0x00000000a8600000, 0x00000000e0000000)
  object space 137216K, 22% used [0x00000000a0000000,0x00000000a1da6be0,0x00000000a8600000)
 Metaspace       used 64311K, capacity 67084K, committed 67328K, reserved 1107968K
  class space    used 8850K, capacity 9415K, committed 9472K, reserved 1048576K
Event: 10.566 GC heap after
Heap after GC invocations=16 (full 3):
 PSYoungGen      total 190976K, used 16636K [0x00000000e0000000, 0x00000000eee80000, 0x0000000100000000)
  eden space 172032K, 0% used [0x00000000e0000000,0x00000000e0000000,0x00000000ea800000)
  from space 18944K, 87% used [0x00000000ea800000,0x00000000eb83f278,0x00000000eba80000)
  to   space 20992K, 0% used [0x00000000eda00000,0x00000000eda00000,0x00000000eee80000)
 ParOldGen       total 137216K, used 30370K [0x00000000a0000000, 0x00000000a8600000, 0x00000000e0000000)
  object space 137216K, 22% used [0x00000000a0000000,0x00000000a1da8be0,0x00000000a8600000)
 Metaspace       used 64311K, capacity 67084K, committed 67328K, reserved 1107968K
  class space    used 8850K, capacity 9415K, committed 9472K, reserved 1048576K
}
Event: 427.167 GC heap before
{Heap before GC invocations=17 (full 3):
 PSYoungGen      total 190976K, used 188668K [0x00000000e0000000, 0x00000000eee80000, 0x0000000100000000)
  eden space 172032K, 100% used [0x00000000e0000000,0x00000000ea800000,0x00000000ea800000)
  from space 18944K, 87% used [0x00000000ea800000,0x00000000eb83f278,0x00000000eba80000)
  to   space 20992K, 0% used [0x00000000eda00000,0x00000000eda00000,0x00000000eee80000)
 ParOldGen       total 137216K, used 30370K [0x00000000a0000000, 0x00000000a8600000, 0x00000000e0000000)
  object space 137216K, 22% used [0x00000000a0000000,0x00000000a1da8be0,0x00000000a8600000)
 Metaspace       used 72135K, capacity 75246K, committed 75392K, reserved 1114112K
  class space    used 9680K, capacity 10310K, committed 10368K, reserved 1048576K
Event: 427.199 GC heap after
Heap after GC invocations=17 (full 3):
 PSYoungGen      total 217600K, used 20984K [0x00000000e0000000, 0x00000000ef300000, 0x0000000100000000)
  eden space 196608K, 0% used [0x00000000e0000000,0x00000000e0000000,0x00000000ec000000)
  from space 20992K, 99% used [0x00000000eda00000,0x00000000eee7e050,0x00000000eee80000)
  to   space 26112K, 0% used [0x00000000ec000000,0x00000000ec000000,0x00000000ed980000)
 ParOldGen       total 137216K, used 36256K [0x00000000a0000000, 0x00000000a8600000, 0x00000000e0000000)
  object space 137216K, 26% used [0x00000000a0000000,0x00000000a2368308,0x00000000a8600000)
 Metaspace       used 72135K, capacity 75246K, committed 75392K, reserved 1114112K
  class space    used 9680K, capacity 10310K, committed 10368K, reserved 1048576K
}
Event: 431.236 GC heap before
{Heap before GC invocations=18 (full 3):
 PSYoungGen      total 217600K, used 217592K [0x00000000e0000000, 0x00000000ef300000, 0x0000000100000000)
  eden space 196608K, 100% used [0x00000000e0000000,0x00000000ec000000,0x00000000ec000000)
  from space 20992K, 99% used [0x00000000eda00000,0x00000000eee7e050,0x00000000eee80000)
  to   space 26112K, 0% used [0x00000000ec000000,0x00000000ec000000,0x00000000ed980000)
 ParOldGen       total 137216K, used 36256K [0x00000000a0000000, 0x00000000a8600000, 0x00000000e0000000)
  object space 137216K, 26% used [0x00000000a0000000,0x00000000a2368308,0x00000000a8600000)
 Metaspace       used 83415K, capacity 88408K, committed 88704K, reserved 1126400K
  class space    used 11481K, capacity 12597K, committed 12672K, reserved 1048576K
Event: 431.272 GC heap after
Heap after GC invocations=18 (full 3):
 PSYoungGen      total 222720K, used 26099K [0x00000000e0000000, 0x00000000f2100000, 0x0000000100000000)
  eden space 196608K, 0% used [0x00000000e0000000,0x00000000e0000000,0x00000000ec000000)
  from space 26112K, 99% used [0x00000000ec000000,0x00000000ed97cc60,0x00000000ed980000)
  to   space 36352K, 0% used [0x00000000efd80000,0x00000000efd80000,0x00000000f2100000)
 ParOldGen       total 137216K, used 53316K [0x00000000a0000000, 0x00000000a8600000, 0x00000000e0000000)
  object space 137216K, 38% used [0x00000000a0000000,0x00000000a3411078,0x00000000a8600000)
 Metaspace       used 83415K, capacity 88408K, committed 88704K, reserved 1126400K
  class space    used 11481K, capacity 12597K, committed 12672K, reserved 1048576K
}
Event: 432.919 GC heap before
{Heap before GC invocations=19 (full 3):
 PSYoungGen      total 222720K, used 222707K [0x00000000e0000000, 0x00000000f2100000, 0x0000000100000000)
  eden space 196608K, 100% used [0x00000000e0000000,0x00000000ec000000,0x00000000ec000000)
  from space 26112K, 99% used [0x00000000ec000000,0x00000000ed97cc60,0x00000000ed980000)
  to   space 36352K, 0% used [0x00000000efd80000,0x00000000efd80000,0x00000000f2100000)
 ParOldGen       total 137216K, used 53316K [0x00000000a0000000, 0x00000000a8600000, 0x00000000e0000000)
  object space 137216K, 38% used [0x00000000a0000000,0x00000000a3411078,0x00000000a8600000)
 Metaspace       used 85791K, capacity 91324K, committed 91520K, reserved 1128448K
  class space    used 11744K, capacity 12927K, committed 12928K, reserved 1048576K
Event: 432.980 GC heap after
Heap after GC invocations=19 (full 3):
 PSYoungGen      total 243200K, used 36350K [0x00000000e0000000, 0x00000000f4a80000, 0x0000000100000000)
  eden space 206848K, 0% used [0x00000000e0000000,0x00000000e0000000,0x00000000eca00000)
  from space 36352K, 99% used [0x00000000efd80000,0x00000000f20ffa78,0x00000000f2100000)
  to   space 52736K, 0% used [0x00000000eca00000,0x00000000eca00000,0x00000000efd80000)
 ParOldGen       total 137216K, used 80854K [0x00000000a0000000, 0x00000000a8600000, 0x00000000e0000000)
  object space 137216K, 58% used [0x00000000a0000000,0x00000000a4ef5b40,0x00000000a8600000)
 Metaspace       used 85791K, capacity 91324K, committed 91520K, reserved 1128448K
  class space    used 11744K, capacity 12927K, committed 12928K, reserved 1048576K
}

